<?xml version="1.0" encoding="utf-8"?><testsuites><testsuite name="pytest" errors="0" failures="0" skipped="0" tests="14" time="0.047" timestamp="2023-10-28T17:28:19.582067" hostname="tmp"><testcase classname="tests.test_accum" name="test_accumulator_add_one" time="0.001" /><testcase classname="tests.test_accum" name="test_accumulator_add_three" time="0.001" /><testcase classname="tests.test_accum" name="test_accumulator_init" time="0.001" /><testcase classname="tests.test_accum" name="test_accumulator_add_twice" time="0.001" /><testcase classname="tests.test_accum" name="test_accumulator_cannot_set_count_directly" time="0.001" /><testcase classname="tests.test_math" name="test_one_plus_one" time="0.001" /><testcase classname="tests.test_math" name="test_one_plus_two" time="0.001" /><testcase classname="tests.test_math" name="test_divide_by_0" time="0.001" /><testcase classname="tests.test_math" name="test_multiplication_mark_parametrize[2-0-0]" time="0.001" /><testcase classname="tests.test_math" name="test_multiplication_mark_parametrize[5-1-5]" time="0.001" /><testcase classname="tests.test_math" name="test_multiplication_mark_parametrize[6-7-42]" time="0.001" /><testcase classname="tests.test_math" name="test_multiplication_mark_parametrize[8--1--8]" time="0.001" /><testcase classname="tests.test_math" name="test_multiplication_mark_parametrize[-7--6-42]" time="0.001" /><testcase classname="tests.test_math" name="test_multiplication_mark_parametrize[2.5-3.5-8.75]" time="0.001" /></testsuite></testsuites>